2016-12-26T16:37:13.281+0800 I CONTROL  [initandlisten] MongoDB starting : pid=6207 port=12345 dbpath=/Users/apple/mongodb_simple/data 64-bit host=192.168.0.101
2016-12-26T16:37:13.281+0800 I CONTROL  [initandlisten] db version v3.4.0
2016-12-26T16:37:13.281+0800 I CONTROL  [initandlisten] git version: f4240c60f005be757399042dc12f6addbc3170c1
2016-12-26T16:37:13.281+0800 I CONTROL  [initandlisten] OpenSSL version: OpenSSL 1.0.2j  26 Sep 2016
2016-12-26T16:37:13.281+0800 I CONTROL  [initandlisten] allocator: system
2016-12-26T16:37:13.282+0800 I CONTROL  [initandlisten] modules: none
2016-12-26T16:37:13.282+0800 I CONTROL  [initandlisten] build environment:
2016-12-26T16:37:13.282+0800 I CONTROL  [initandlisten]     distarch: x86_64
2016-12-26T16:37:13.282+0800 I CONTROL  [initandlisten]     target_arch: x86_64
2016-12-26T16:37:13.282+0800 I CONTROL  [initandlisten] options: { config: "conf/mongod.conf", net: { port: 12345 }, processManagement: { fork: true }, storage: { dbPath: "data" }, systemLog: { destination: "file", path: "log/mongod.log" } }
2016-12-26T16:37:13.282+0800 I STORAGE  [initandlisten] wiredtiger_open config: create,cache_size=3584M,session_max=20000,eviction=(threads_max=4),config_base=false,statistics=(fast),log=(enabled=true,archive=true,path=journal,compressor=snappy),file_manager=(close_idle_time=100000),checkpoint=(wait=60,log_size=2GB),statistics_log=(wait=0),
2016-12-26T16:37:13.640+0800 I CONTROL  [initandlisten] 
2016-12-26T16:37:13.640+0800 I CONTROL  [initandlisten] ** WARNING: Access control is not enabled for the database.
2016-12-26T16:37:13.640+0800 I CONTROL  [initandlisten] **          Read and write access to data and configuration is unrestricted.
2016-12-26T16:37:13.640+0800 I CONTROL  [initandlisten] 
2016-12-26T16:37:13.759+0800 I FTDC     [initandlisten] Initializing full-time diagnostic data capture with directory '/Users/apple/mongodb_simple/data/diagnostic.data'
2016-12-26T16:37:13.848+0800 I INDEX    [initandlisten] build index on: admin.system.version properties: { v: 2, key: { version: 1 }, name: "incompatible_with_version_32", ns: "admin.system.version" }
2016-12-26T16:37:13.848+0800 I INDEX    [initandlisten] 	 building index using bulk method; build may temporarily use up to 500 megabytes of RAM
2016-12-26T16:37:13.862+0800 I INDEX    [initandlisten] build index done.  scanned 0 total records. 0 secs
2016-12-26T16:37:13.863+0800 I COMMAND  [initandlisten] setting featureCompatibilityVersion to 3.4
2016-12-26T16:37:13.864+0800 I NETWORK  [thread1] waiting for connections on port 12345
2016-12-26T20:14:12.576+0800 I NETWORK  [thread1] connection accepted from 127.0.0.1:53658 #1 (1 connection now open)
2016-12-26T20:14:12.577+0800 I NETWORK  [conn1] received client metadata from 127.0.0.1:53658 conn1: { application: { name: "MongoDB Shell" }, driver: { name: "MongoDB Internal Client", version: "3.4.0" }, os: { type: "Darwin", name: "Mac OS X", architecture: "x86_64", version: "14.5.0" } }
2016-12-26T20:31:00.009+0800 I COMMAND  [conn1] terminating, shutdown command received
2016-12-26T20:31:00.009+0800 I NETWORK  [conn1] shutdown: going to close listening sockets...
2016-12-26T20:31:00.009+0800 I NETWORK  [conn1] closing listening socket: 7
2016-12-26T20:31:00.010+0800 I NETWORK  [conn1] closing listening socket: 8
2016-12-26T20:31:00.010+0800 I NETWORK  [conn1] removing socket file: /tmp/mongodb-12345.sock
2016-12-26T20:31:00.011+0800 I NETWORK  [conn1] shutdown: going to flush diaglog...
2016-12-26T20:31:00.011+0800 I FTDC     [conn1] Shutting down full-time diagnostic data capture
2016-12-26T20:31:00.014+0800 I STORAGE  [conn1] WiredTigerKVEngine shutting down
2016-12-26T20:31:00.148+0800 I STORAGE  [conn1] shutdown: removing fs lock...
2016-12-26T20:31:00.150+0800 I CONTROL  [conn1] now exiting
2016-12-26T20:31:00.150+0800 I CONTROL  [conn1] shutting down with code:0
